2021-10-06 17:27:06 INFO  Test:44 - So it begins
2021-10-06 17:36:17 INFO  Test:44 - So it begins
2021-10-06 17:37:00 INFO  Test:44 - So it begins
2021-10-06 17:37:17 INFO  Test:44 - So it begins
2021-10-06 18:18:45 INFO  Test:44 - So it begins
2021-10-09 01:30:49 INFO  Test:51 - So it begins
2021-10-09 01:31:08 INFO  Test:51 - So it begins
2021-10-09 01:31:32 INFO  Test:51 - So it begins
2021-10-09 01:31:47 INFO  Test:51 - So it begins
2021-10-09 01:31:48 INFO  managerDataBaseDAOImpl:118 - Manager sapproved remimbursement
2021-10-09 01:55:32 INFO  Test:51 - So it begins
2021-10-09 01:58:08 INFO  Test:51 - So it begins
2021-10-09 02:00:23 INFO  Test:51 - So it begins
2021-10-09 02:00:25 INFO  managerDataBaseDAOImpl:121 - Manager sapproved remimbursement
2021-10-09 02:01:24 INFO  Test:51 - So it begins
2021-10-09 02:01:25 INFO  managerDataBaseDAOImpl:121 - Manager sapproved remimbursement
2021-10-09 02:12:12 INFO  Test:51 - So it begins
2021-10-09 02:12:22 INFO  Test:51 - So it begins
2021-10-09 02:12:24 INFO  managerDataBaseDAOImpl:121 - Manager sapproved remimbursement
2021-10-09 02:14:16 INFO  Test:51 - So it begins
2021-10-09 02:14:18 INFO  managerDataBaseDAOImpl:116 - Manager sapproved remimbursement
2021-10-09 02:27:16 INFO  Test:51 - So it begins
2021-10-09 02:27:17 INFO  managerDataBaseDAOImpl:116 - Manager sapproved remimbursement
2021-10-09 02:27:39 INFO  Test:51 - So it begins
2021-10-09 02:27:40 INFO  managerDataBaseDAOImpl:116 - Manager sapproved remimbursement
2021-10-09 02:28:37 INFO  Test:51 - So it begins
2021-10-09 02:28:38 INFO  managerDataBaseDAOImpl:116 - Manager sapproved remimbursement
2021-10-09 02:30:09 INFO  Test:51 - So it begins
2021-10-09 02:30:10 INFO  managerDataBaseDAOImpl:116 - Manager sapproved remimbursement
2021-10-09 02:30:58 INFO  Test:51 - So it begins
2021-10-09 02:30:59 INFO  managerDataBaseDAOImpl:116 - Manager sapproved remimbursement
2021-10-09 02:31:38 INFO  Test:51 - So it begins
2021-10-09 02:31:38 INFO  managerDataBaseDAOImpl:116 - Manager sapproved remimbursement
2021-10-09 02:31:59 INFO  Test:51 - So it begins
2021-10-09 02:32:00 INFO  managerDataBaseDAOImpl:116 - Manager sapproved remimbursement
2021-10-09 02:32:16 INFO  Test:51 - So it begins
2021-10-09 02:32:16 INFO  managerDataBaseDAOImpl:116 - Manager sapproved remimbursement
2021-10-09 02:32:29 INFO  Test:51 - So it begins
2021-10-09 02:32:29 INFO  managerDataBaseDAOImpl:116 - Manager sapproved remimbursement
2021-10-09 02:32:54 INFO  Test:51 - So it begins
2021-10-09 02:32:54 INFO  managerDataBaseDAOImpl:116 - Manager sapproved remimbursement
2021-10-09 02:33:29 INFO  Test:51 - So it begins
2021-10-09 02:33:30 INFO  managerDataBaseDAOImpl:116 - Manager sapproved remimbursement
2021-10-09 02:34:21 INFO  Test:51 - So it begins
2021-10-09 02:34:21 INFO  managerDataBaseDAOImpl:116 - Manager sapproved remimbursement
2021-10-09 02:34:30 INFO  Test:51 - So it begins
2021-10-09 02:34:31 INFO  managerDataBaseDAOImpl:116 - Manager sapproved remimbursement
2021-10-09 02:37:12 INFO  Test:51 - So it begins
2021-10-09 02:37:13 INFO  managerDataBaseDAOImpl:116 - Manager sapproved remimbursement
2021-10-09 02:37:13 INFO  employeeDataBaseDAOImpl:94 - Employee requested a reimbursement
2021-10-09 19:52:28 WARN  employeeDataBaseDAOImpl:146 - A new Employee account was created
2021-10-10 14:41:07 INFO  Test:51 - So it begins
2021-10-10 14:41:08 INFO  managerDataBaseDAOImpl:116 - Manager sapproved remimbursement
2021-10-10 14:41:08 INFO  employeeDataBaseDAOImpl:94 - Employee requested a reimbursement
2021-10-10 16:54:14 INFO  employeeDataBaseDAOImpl:38 - Employee is authenticated
2021-10-10 17:03:59 INFO  employeeDataBaseDAOImpl:38 - Employee is authenticated
2021-10-10 17:04:31 INFO  employeeDataBaseDAOImpl:38 - Employee is authenticated
2021-10-10 19:48:11 WARN  employeeDataBaseDAOImpl:167 - Employee credentials were created
2021-10-10 20:06:56 INFO  Test:51 - So it begins
2021-10-10 20:06:57 WARN  employeeDataBaseDAOImpl:145 - A new Employee account was created
2021-10-10 20:08:03 INFO  Test:51 - So it begins
2021-10-10 20:08:04 WARN  employeeDataBaseDAOImpl:145 - A new Employee account was created
2021-10-10 20:08:04 WARN  employeeDataBaseDAOImpl:145 - A new Employee account was created
2021-10-10 20:10:59 INFO  Test:51 - So it begins
2021-10-10 20:11:00 WARN  employeeDataBaseDAOImpl:145 - A new Employee account was created
2021-10-10 20:11:00 WARN  employeeDataBaseDAOImpl:145 - A new Employee account was created
2021-10-10 20:12:46 INFO  Test:51 - So it begins
2021-10-10 20:12:47 WARN  employeeDataBaseDAOImpl:145 - A new Employee account was created
2021-10-10 20:12:47 WARN  employeeDataBaseDAOImpl:145 - A new Employee account was created
2021-10-10 20:16:31 INFO  Test:51 - So it begins
2021-10-10 20:16:32 WARN  employeeDataBaseDAOImpl:167 - Employee credentials were created
2021-10-10 20:24:04 WARN  employeeDataBaseDAOImpl:167 - Employee credentials were created
2021-10-10 20:28:59 WARN  employeeDataBaseDAOImpl:167 - Employee credentials were created
2021-10-10 20:34:08 WARN  managerDataBaseDAOImpl:190 - Created employee crededntails
2021-10-10 20:34:47 WARN  employeeDataBaseDAOImpl:143 - Employee credentials were created
